2019-02-01 09:04:42 INFO  Main:12 - Starting...
2019-02-01 09:04:42 INFO  Main:13 - Completed!
2019-02-01 10:06:10 INFO  Main:18 - Starting...
2019-02-01 10:06:10 INFO  Main:29 - .\sourceFolder
2019-02-01 10:06:10 INFO  Main:30 - C:\Projects\root\Java\IntLoader\scripts\sample.bat
2019-02-01 10:06:10 INFO  Main:47 - Completed!
2019-02-01 10:07:48 INFO  Main:18 - Starting...
2019-02-01 10:07:48 INFO  Main:29 - Will look for files in: .\sourceFolder
2019-02-01 10:07:48 INFO  Main:30 - Shell commad to run: C:\Projects\root\Java\IntLoader\scripts\sample.bat
2019-02-01 10:07:48 INFO  Main:47 - Completed!
2019-02-01 10:37:32 INFO  Main:18 - Starting...
2019-02-01 10:37:32 INFO  Main:27 - Will look for files in: .\sourceFolder
2019-02-01 10:37:32 INFO  Main:28 - Shell commad to run: C:\Projects\root\Java\IntLoader\scripts\sample.bat
2019-02-01 10:37:32 INFO  Main:45 - Successfully executed command!
2019-02-01 10:37:32 INFO  Main:71 - Completed!
2019-02-01 10:39:21 INFO  Main:18 - Starting...
2019-02-01 10:39:21 INFO  Main:27 - Will look for files in: .\sourceFolder
2019-02-01 10:39:21 INFO  Main:28 - Shell commad to run: C:\Projects\root\Java\IntLoader\scripts\sample.bat
2019-02-01 10:39:21 ERROR Main:57 - Cannot run program "C:\Projects\root\Java\IntLoader\scripts\sample.batadmin pass": CreateProcess error=2, The system cannot find the file specified
2019-02-01 10:39:21 ERROR Main:58 - java.io.IOException: Cannot run program "C:\Projects\root\Java\IntLoader\scripts\sample.batadmin pass": CreateProcess error=2, The system cannot find the file specified
2019-02-01 10:39:21 INFO  Main:71 - Completed!
2019-02-01 10:39:36 INFO  Main:18 - Starting...
2019-02-01 10:39:36 INFO  Main:27 - Will look for files in: .\sourceFolder
2019-02-01 10:39:36 INFO  Main:28 - Shell commad to run: C:\Projects\root\Java\IntLoader\scripts\sample.bat
2019-02-01 10:39:36 ERROR Main:57 - Cannot run program "C:\Projects\root\Java\IntLoader\scripts\sample.bat admin pass": CreateProcess error=2, The system cannot find the file specified
2019-02-01 10:39:36 ERROR Main:58 - java.io.IOException: Cannot run program "C:\Projects\root\Java\IntLoader\scripts\sample.bat admin pass": CreateProcess error=2, The system cannot find the file specified
2019-02-01 10:39:36 INFO  Main:71 - Completed!
2019-02-01 10:47:33 INFO  Main:18 - Starting...
2019-02-01 10:47:33 INFO  Main:27 - Will look for files in: .\sourceFolder
2019-02-01 10:47:33 INFO  Main:28 - Shell commad to run: C:\Projects\root\Java\IntLoader\scripts\sample.bat
2019-02-01 10:49:01 INFO  Main:18 - Starting...
2019-02-01 10:49:01 INFO  Main:27 - Will look for files in: .\sourceFolder
2019-02-01 10:49:01 INFO  Main:28 - Shell commad to run: C:\Projects\root\Java\IntLoader\scripts\sample.bat
2019-02-01 10:50:44 INFO  Main:18 - Starting...
2019-02-01 10:50:44 INFO  Main:27 - Will look for files in: .\sourceFolder
2019-02-01 10:50:44 INFO  Main:28 - Shell commad to run: C:\Projects\root\Java\IntLoader\scripts\sample.bat
2019-02-01 10:50:44 INFO  Main:48 - Successfully executed command!
2019-02-01 10:50:44 INFO  Main:74 - Completed!
2019-02-01 10:58:36 INFO  Main:18 - Starting...
2019-02-01 10:58:36 INFO  Main:27 - Will look for files in: .\sourceFolder
2019-02-01 10:58:36 INFO  Main:28 - Shell commad to run: C:\Projects\root\Java\IntLoader\scripts\sample.bat
2019-02-01 10:58:36 INFO  Main:29 - Output path: C:\Projects\root\Java\IntLoader\scripts\sample.bat
2019-02-01 10:58:36 INFO  Main:50 - Successfully executed command!
2019-02-01 10:58:36 INFO  Main:76 - Completed!
2019-02-01 10:59:58 INFO  Main:18 - 

2019-02-01 10:59:58 INFO  Main:19 - Starting...
2019-02-01 10:59:58 INFO  Main:28 - Will look for files in: .\sourceFolder
2019-02-01 10:59:58 INFO  Main:29 - Shell commad to run: C:\Projects\root\Java\IntLoader\scripts\sample.bat
2019-02-01 10:59:58 INFO  Main:30 - Output path: C:\Projects\root\Java\IntLoader\output
2019-02-01 10:59:58 INFO  Main:51 - Successfully executed command!
2019-02-01 10:59:58 INFO  Main:77 - Completed!
2019-02-01 11:40:01 INFO  Main:18 - 

2019-02-01 11:40:01 INFO  Main:19 - Starting...
2019-02-01 11:40:01 INFO  Main:28 - Will look for files in: .\sourceFolder
2019-02-01 11:40:01 INFO  Main:29 - Shell commad to run: C:\Projects\root\Java\IntLoader\scripts\sample.bat
2019-02-01 11:40:01 INFO  Main:30 - Output path: C:\Projects\root\Java\IntLoader\output
2019-02-01 11:40:01 INFO  Main:79 - Completed!
2019-02-01 11:40:51 INFO  Main:18 - 

2019-02-01 11:40:51 INFO  Main:19 - Starting...
2019-02-01 11:40:51 INFO  Main:28 - Will look for files in: .\sourceFolder
2019-02-01 11:40:51 INFO  Main:29 - Shell commad to run: C:\Projects\root\Java\IntLoader\scripts\sample.bat
2019-02-01 11:40:51 INFO  Main:30 - Output path: C:\Projects\root\Java\IntLoader\output
2019-02-01 11:40:51 INFO  Filer:32 - File: New Text Document (2).txt
2019-02-01 11:40:51 INFO  Filer:32 - File: New Text Document.txt
2019-02-01 11:40:51 INFO  Main:79 - Completed!
2019-02-01 13:35:37 INFO  Main:18 - 

2019-02-01 13:35:37 INFO  Main:19 - Starting...
2019-02-01 13:35:37 INFO  Main:28 - Will look for files in: .\sourceFolder
2019-02-01 13:35:37 INFO  Main:29 - Shell commad to run: C:\Projects\root\Java\IntLoader\scripts\sample.bat
2019-02-01 13:35:37 INFO  Main:30 - Output path: C:\Projects\root\Java\IntLoader\output
2019-02-01 13:35:37 INFO  Filer:34 - File: 20190131_samplefile.txt
2019-02-01 13:35:37 INFO  Filer:34 - File: 20190201_samplefile.txt
2019-02-01 13:35:37 INFO  Filer:41 - Looking for files with 20190201 in the file name
2019-02-01 13:35:37 INFO  Main:83 - Completed!
2019-02-01 13:46:39 INFO  Main:18 - 

2019-02-01 13:46:39 INFO  Main:19 - Starting...
2019-02-01 13:46:39 INFO  Main:28 - Will look for files in: .\sourceFolder
2019-02-01 13:46:39 INFO  Main:29 - Shell commad to run: C:\Projects\root\Java\IntLoader\scripts\sample.bat
2019-02-01 13:46:39 INFO  Main:30 - Output path: C:\Projects\root\Java\IntLoader\output
2019-02-01 13:46:39 INFO  Filer:41 - Looking for files with 20190201 in the file name
2019-02-01 13:46:39 INFO  Main:82 - Completed!
2019-02-01 13:47:49 INFO  Main:18 - 

2019-02-01 13:47:49 INFO  Main:19 - Starting...
2019-02-01 13:47:49 INFO  Main:28 - Will look for files in: .\sourceFolder
2019-02-01 13:47:49 INFO  Main:29 - Shell commad to run: C:\Projects\root\Java\IntLoader\scripts\sample.bat
2019-02-01 13:47:49 INFO  Main:30 - Output path: C:\Projects\root\Java\IntLoader\output
2019-02-01 13:47:49 INFO  Filer:41 - Looking for files with 20190201 in the file name
2019-02-01 13:48:30 INFO  Main:18 - 

2019-02-01 13:48:30 INFO  Main:19 - Starting...
2019-02-01 13:48:30 INFO  Main:28 - Will look for files in: .\sourceFolder
2019-02-01 13:48:30 INFO  Main:29 - Shell commad to run: C:\Projects\root\Java\IntLoader\scripts\sample.bat
2019-02-01 13:48:30 INFO  Main:30 - Output path: C:\Projects\root\Java\IntLoader\output
2019-02-01 13:48:30 INFO  Filer:41 - Looking for files with 20190201 in the file name
2019-02-01 13:48:30 INFO  Filer:50 - Files with timestamp: 2019-02-01T13:48:30.179 20190201_samplefile.txt
2019-02-01 13:48:30 INFO  Main:82 - Completed!
2019-02-01 13:49:05 INFO  Main:18 - 

2019-02-01 13:49:05 INFO  Main:19 - Starting...
2019-02-01 13:49:05 INFO  Main:28 - Will look for files in: .\sourceFolder
2019-02-01 13:49:05 INFO  Main:29 - Shell commad to run: C:\Projects\root\Java\IntLoader\scripts\sample.bat
2019-02-01 13:49:05 INFO  Main:30 - Output path: C:\Projects\root\Java\IntLoader\output
2019-02-01 13:49:05 INFO  Filer:41 - Looking for files with 20190201 in the file name
2019-02-01 13:49:05 INFO  Filer:50 - Files with timestamp: 20190201 20190201_samplefile.txt
2019-02-01 13:49:05 INFO  Main:82 - Completed!
2019-02-01 13:49:19 INFO  Main:18 - 

2019-02-01 13:49:19 INFO  Main:19 - Starting...
2019-02-01 13:49:19 INFO  Main:28 - Will look for files in: .\sourceFolder
2019-02-01 13:49:19 INFO  Main:29 - Shell commad to run: C:\Projects\root\Java\IntLoader\scripts\sample.bat
2019-02-01 13:49:19 INFO  Main:30 - Output path: C:\Projects\root\Java\IntLoader\output
2019-02-01 13:49:19 INFO  Filer:41 - Looking for files with 20190201 in the file name
2019-02-01 13:49:19 INFO  Filer:50 - Files with timestamp: 20190201: 20190201_samplefile.txt
2019-02-01 13:49:19 INFO  Main:82 - Completed!
